# JRE version: 7.0_09-b05
# Java VM: Java HotSpot(TM) 64-Bit Server VM (23.5-b02 mixed mode windows-amd64 compressed oops)
Heap
 PSYoungGen      total 320320K, used 202026K [0x00000000eaab0000, 0x0000000100000000, 0x0000000100000000)
  eden space 291136K, 69% used [0x00000000eaab0000,0x00000000f6ffa940,0x00000000fc700000)
  from space 29184K, 0% used [0x00000000fc700000,0x00000000fc700000,0x00000000fe380000)
  to   space 28480K, 0% used [0x00000000fe430000,0x00000000fe430000,0x0000000100000000)
 ParOldGen       total 87232K, used 66220K [0x00000000c0000000, 0x00000000c5530000, 0x00000000eaab0000)
  object space 87232K, 75% used [0x00000000c0000000,0x00000000c40ab098,0x00000000c5530000)
 PSPermGen       total 112960K, used 74719K [0x00000000b0000000, 0x00000000b6e50000, 0x00000000c0000000)
  object space 112960K, 66% used [0x00000000b0000000,0x00000000b48f7e40,0x00000000b6e50000)
GC Heap History (10 events):
Event: 68.703 GC heap before
{Heap before GC invocations=11 (full 1):
 PSYoungGen      total 226368K, used 9604K [0x00000000eaab0000, 0x00000000f9ff0000, 0x0000000100000000)
  eden space 203264K, 0% used [0x00000000eaab0000,0x00000000eaab0000,0x00000000f7130000)
  from space 23104K, 41% used [0x00000000f8960000,0x00000000f92c1040,0x00000000f9ff0000)
  to   space 23936K, 0% used [0x00000000f7130000,0x00000000f7130000,0x00000000f8890000)
 ParOldGen       total 87232K, used 41723K [0x00000000c0000000, 0x00000000c5530000, 0x00000000eaab0000)
  object space 87232K, 47% used [0x00000000c0000000,0x00000000c28bef30,0x00000000c5530000)
 PSPermGen       total 42176K, used 42009K [0x00000000b0000000, 0x00000000b2930000, 0x00000000c0000000)
  object space 42176K, 99% used [0x00000000b0000000,0x00000000b2906498,0x00000000b2930000)
Event: 70.336 GC heap after
Heap after GC invocations=11 (full 1):
 PSYoungGen      total 226368K, used 0K [0x00000000eaab0000, 0x00000000f9ff0000, 0x0000000100000000)
  eden space 203264K, 0% used [0x00000000eaab0000,0x00000000eaab0000,0x00000000f7130000)
  from space 23104K, 0% used [0x00000000f8960000,0x00000000f8960000,0x00000000f9ff0000)
  to   space 23936K, 0% used [0x00000000f7130000,0x00000000f7130000,0x00000000f8890000)
 ParOldGen       total 87232K, used 33539K [0x00000000c0000000, 0x00000000c5530000, 0x00000000eaab0000)
  object space 87232K, 38% used [0x00000000c0000000,0x00000000c20c0d30,0x00000000c5530000)
 PSPermGen       total 84288K, used 41986K [0x00000000b0000000, 0x00000000b5250000, 0x00000000c0000000)
  object space 84288K, 49% used [0x00000000b0000000,0x00000000b2900b38,0x00000000b5250000)
}
Event: 153.141 GC heap before
{Heap before GC invocations=12 (full 1):
 PSYoungGen      total 226368K, used 203264K [0x00000000eaab0000, 0x00000000f9ff0000, 0x0000000100000000)
  eden space 203264K, 100% used [0x00000000eaab0000,0x00000000f7130000,0x00000000f7130000)
  from space 23104K, 0% used [0x00000000f8960000,0x00000000f8960000,0x00000000f9ff0000)
  to   space 23936K, 0% used [0x00000000f7130000,0x00000000f7130000,0x00000000f8890000)
 ParOldGen       total 87232K, used 33539K [0x00000000c0000000, 0x00000000c5530000, 0x00000000eaab0000)
  object space 87232K, 38% used [0x00000000c0000000,0x00000000c20c0d30,0x00000000c5530000)
 PSPermGen       total 84288K, used 50726K [0x00000000b0000000, 0x00000000b5250000, 0x00000000c0000000)
  object space 84288K, 60% used [0x00000000b0000000,0x00000000b3189a20,0x00000000b5250000)
Event: 153.309 GC heap after
Heap after GC invocations=12 (full 1):
 PSYoungGen      total 227200K, used 22518K [0x00000000eaab0000, 0x0000000100000000, 0x0000000100000000)
  eden space 203264K, 0% used [0x00000000eaab0000,0x00000000eaab0000,0x00000000f7130000)
  from space 23936K, 94% used [0x00000000f7130000,0x00000000f872dbc8,0x00000000f8890000)
  to   space 26688K, 0% used [0x00000000fe5f0000,0x00000000fe5f0000,0x0000000100000000)
 ParOldGen       total 87232K, used 33539K [0x00000000c0000000, 0x00000000c5530000, 0x00000000eaab0000)
  object space 87232K, 38% used [0x00000000c0000000,0x00000000c20c0d30,0x00000000c5530000)
 PSPermGen       total 84288K, used 50726K [0x00000000b0000000, 0x00000000b5250000, 0x00000000c0000000)
  object space 84288K, 60% used [0x00000000b0000000,0x00000000b3189a20,0x00000000b5250000)
}
Event: 736.522 GC heap before
{Heap before GC invocations=13 (full 1):
 PSYoungGen      total 227200K, used 225782K [0x00000000eaab0000, 0x0000000100000000, 0x0000000100000000)
  eden space 203264K, 100% used [0x00000000eaab0000,0x00000000f7130000,0x00000000f7130000)
  from space 23936K, 94% used [0x00000000f7130000,0x00000000f872dbc8,0x00000000f8890000)
  to   space 26688K, 0% used [0x00000000fe5f0000,0x00000000fe5f0000,0x0000000100000000)
 ParOldGen       total 87232K, used 33539K [0x00000000c0000000, 0x00000000c5530000, 0x00000000eaab0000)
  object space 87232K, 38% used [0x00000000c0000000,0x00000000c20c0d30,0x00000000c5530000)
 PSPermGen       total 84288K, used 60058K [0x00000000b0000000, 0x00000000b5250000, 0x00000000c0000000)
  object space 84288K, 71% used [0x00000000b0000000,0x00000000b3aa6aa0,0x00000000b5250000)
Event: 736.625 GC heap after
Heap after GC invocations=13 (full 1):
 PSYoungGen      total 317824K, used 23389K [0x00000000eaab0000, 0x0000000100000000, 0x0000000100000000)
  eden space 291136K, 0% used [0x00000000eaab0000,0x00000000eaab0000,0x00000000fc700000)
  from space 26688K, 87% used [0x00000000fe5f0000,0x00000000ffcc7790,0x0000000100000000)
  to   space 29184K, 0% used [0x00000000fc700000,0x00000000fc700000,0x00000000fe380000)
 ParOldGen       total 87232K, used 46715K [0x00000000c0000000, 0x00000000c5530000, 0x00000000eaab0000)
  object space 87232K, 53% used [0x00000000c0000000,0x00000000c2d9eee0,0x00000000c5530000)
 PSPermGen       total 84288K, used 60058K [0x00000000b0000000, 0x00000000b5250000, 0x00000000c0000000)
  object space 84288K, 71% used [0x00000000b0000000,0x00000000b3aa6aa0,0x00000000b5250000)
}
Event: 768.927 GC heap before
{Heap before GC invocations=14 (full 1):
 PSYoungGen      total 317824K, used 163119K [0x00000000eaab0000, 0x0000000100000000, 0x0000000100000000)
  eden space 291136K, 47% used [0x00000000eaab0000,0x00000000f3324708,0x00000000fc700000)
  from space 26688K, 87% used [0x00000000fe5f0000,0x00000000ffcc7790,0x0000000100000000)
  to   space 29184K, 0% used [0x00000000fc700000,0x00000000fc700000,0x00000000fe380000)
 ParOldGen       total 87232K, used 46715K [0x00000000c0000000, 0x00000000c5530000, 0x00000000eaab0000)
  object space 87232K, 53% used [0x00000000c0000000,0x00000000c2d9eee0,0x00000000c5530000)
 PSPermGen       total 84288K, used 65929K [0x00000000b0000000, 0x00000000b5250000, 0x00000000c0000000)
  object space 84288K, 78% used [0x00000000b0000000,0x00000000b4062418,0x00000000b5250000)
Event: 768.996 GC heap after
Heap after GC invocations=14 (full 1):
 PSYoungGen      total 320320K, used 9140K [0x00000000eaab0000, 0x0000000100000000, 0x0000000100000000)
  eden space 291136K, 0% used [0x00000000eaab0000,0x00000000eaab0000,0x00000000fc700000)
  from space 29184K, 31% used [0x00000000fc700000,0x00000000fcfed118,0x00000000fe380000)
  to   space 28480K, 0% used [0x00000000fe430000,0x00000000fe430000,0x0000000100000000)
 ParOldGen       total 87232K, used 60748K [0x00000000c0000000, 0x00000000c5530000, 0x00000000eaab0000)
  object space 87232K, 69% used [0x00000000c0000000,0x00000000c3b532d0,0x00000000c5530000)
 PSPermGen       total 84288K, used 65929K [0x00000000b0000000, 0x00000000b5250000, 0x00000000c0000000)
  object space 84288K, 78% used [0x00000000b0000000,0x00000000b4062418,0x00000000b5250000)
}
Event: 768.996 GC heap before
{Heap before GC invocations=15 (full 2):
 PSYoungGen      total 320320K, used 9140K [0x00000000eaab0000, 0x0000000100000000, 0x0000000100000000)
  eden space 291136K, 0% used [0x00000000eaab0000,0x00000000eaab0000,0x00000000fc700000)
  from space 29184K, 31% used [0x00000000fc700000,0x00000000fcfed118,0x00000000fe380000)
  to   space 28480K, 0% used [0x00000000fe430000,0x00000000fe430000,0x0000000100000000)
 ParOldGen       total 87232K, used 60748K [0x00000000c0000000, 0x00000000c5530000, 0x00000000eaab0000)
  object space 87232K, 69% used [0x00000000c0000000,0x00000000c3b532d0,0x00000000c5530000)
 PSPermGen       total 84288K, used 65929K [0x00000000b0000000, 0x00000000b5250000, 0x00000000c0000000)
  object space 84288K, 78% used [0x00000000b0000000,0x00000000b4062418,0x00000000b5250000)
Event: 769.916 GC heap after
Heap after GC invocations=15 (full 2):
 PSYoungGen      total 320320K, used 0K [0x00000000eaab0000, 0x0000000100000000, 0x0000000100000000)
  eden space 291136K, 0% used [0x00000000eaab0000,0x00000000eaab0000,0x00000000fc700000)
  from space 29184K, 0% used [0x00000000fc700000,0x00000000fc700000,0x00000000fe380000)
  to   space 28480K, 0% used [0x00000000fe430000,0x00000000fe430000,0x0000000100000000)
 ParOldGen       total 87232K, used 66220K [0x00000000c0000000, 0x00000000c5530000, 0x00000000eaab0000)
  object space 87232K, 75% used [0x00000000c0000000,0x00000000c40ab098,0x00000000c5530000)
 PSPermGen       total 112960K, used 65910K [0x00000000b0000000, 0x00000000b6e50000, 0x00000000c0000000)
  object space 112960K, 58% used [0x00000000b0000000,0x00000000b405d860,0x00000000b6e50000)
}

