# JRE version: 7.0_09-b05
# Java VM: Java HotSpot(TM) 64-Bit Server VM (23.5-b02 mixed mode windows-amd64 compressed oops)
Heap
 PSYoungGen      total 299008K, used 136566K [0x00000000eaab0000, 0x0000000100000000, 0x0000000100000000)
  eden space 267200K, 46% used [0x00000000eaab0000,0x00000000f2524968,0x00000000fafa0000)
  from space 31808K, 35% used [0x00000000fafa0000,0x00000000fba88fa8,0x00000000fceb0000)
  to   space 44224K, 0% used [0x00000000fd4d0000,0x00000000fd4d0000,0x0000000100000000)
 ParOldGen       total 151808K, used 87999K [0x00000000c0000000, 0x00000000c9440000, 0x00000000eaab0000)
  object space 151808K, 57% used [0x00000000c0000000,0x00000000c55efef8,0x00000000c9440000)
 PSPermGen       total 121088K, used 77286K [0x00000000b0000000, 0x00000000b7640000, 0x00000000c0000000)
  object space 121088K, 63% used [0x00000000b0000000,0x00000000b4b79b38,0x00000000b7640000)
GC Heap History (10 events):
Event: 37.201 GC heap before
{Heap before GC invocations=9 (full 1):
 PSYoungGen      total 317312K, used 21619K [0x00000000eaab0000, 0x0000000100000000, 0x0000000100000000)
  eden space 289856K, 0% used [0x00000000eaab0000,0x00000000eaab0000,0x00000000fc5c0000)
  from space 27456K, 78% used [0x00000000fe530000,0x00000000ffa4cd80,0x0000000100000000)
  to   space 29824K, 0% used [0x00000000fc5c0000,0x00000000fc5c0000,0x00000000fe2e0000)
 ParOldGen       total 87232K, used 35952K [0x00000000c0000000, 0x00000000c5530000, 0x00000000eaab0000)
  object space 87232K, 41% used [0x00000000c0000000,0x00000000c231c060,0x00000000c5530000)
 PSPermGen       total 44096K, used 44028K [0x00000000b0000000, 0x00000000b2b10000, 0x00000000c0000000)
  object space 44096K, 99% used [0x00000000b0000000,0x00000000b2aff1f8,0x00000000b2b10000)
Event: 38.261 GC heap after
Heap after GC invocations=9 (full 1):
 PSYoungGen      total 317312K, used 0K [0x00000000eaab0000, 0x0000000100000000, 0x0000000100000000)
  eden space 289856K, 0% used [0x00000000eaab0000,0x00000000eaab0000,0x00000000fc5c0000)
  from space 27456K, 0% used [0x00000000fe530000,0x00000000fe530000,0x0000000100000000)
  to   space 29824K, 0% used [0x00000000fc5c0000,0x00000000fc5c0000,0x00000000fe2e0000)
 ParOldGen       total 87232K, used 49186K [0x00000000c0000000, 0x00000000c5530000, 0x00000000eaab0000)
  object space 87232K, 56% used [0x00000000c0000000,0x00000000c3008928,0x00000000c5530000)
 PSPermGen       total 88256K, used 43965K [0x00000000b0000000, 0x00000000b5630000, 0x00000000c0000000)
  object space 88256K, 49% used [0x00000000b0000000,0x00000000b2aef6a8,0x00000000b5630000)
}
Event: 79.263 GC heap before
{Heap before GC invocations=10 (full 1):
 PSYoungGen      total 317312K, used 289856K [0x00000000eaab0000, 0x0000000100000000, 0x0000000100000000)
  eden space 289856K, 100% used [0x00000000eaab0000,0x00000000fc5c0000,0x00000000fc5c0000)
  from space 27456K, 0% used [0x00000000fe530000,0x00000000fe530000,0x0000000100000000)
  to   space 29824K, 0% used [0x00000000fc5c0000,0x00000000fc5c0000,0x00000000fe2e0000)
 ParOldGen       total 87232K, used 49186K [0x00000000c0000000, 0x00000000c5530000, 0x00000000eaab0000)
  object space 87232K, 56% used [0x00000000c0000000,0x00000000c3008928,0x00000000c5530000)
 PSPermGen       total 88256K, used 54131K [0x00000000b0000000, 0x00000000b5630000, 0x00000000c0000000)
  object space 88256K, 61% used [0x00000000b0000000,0x00000000b34dcfa0,0x00000000b5630000)
Event: 79.390 GC heap after
Heap after GC invocations=10 (full 1):
 PSYoungGen      total 318080K, used 28210K [0x00000000eaab0000, 0x0000000100000000, 0x0000000100000000)
  eden space 289856K, 0% used [0x00000000eaab0000,0x00000000eaab0000,0x00000000fc5c0000)
  from space 28224K, 99% used [0x00000000fc5c0000,0x00000000fe14c830,0x00000000fe150000)
  to   space 31424K, 0% used [0x00000000fe150000,0x00000000fe150000,0x0000000100000000)
 ParOldGen       total 87232K, used 49194K [0x00000000c0000000, 0x00000000c5530000, 0x00000000eaab0000)
  object space 87232K, 56% used [0x00000000c0000000,0x00000000c300a928,0x00000000c5530000)
 PSPermGen       total 88256K, used 54131K [0x00000000b0000000, 0x00000000b5630000, 0x00000000c0000000)
  object space 88256K, 61% used [0x00000000b0000000,0x00000000b34dcfa0,0x00000000b5630000)
}
Event: 453.588 GC heap before
{Heap before GC invocations=11 (full 1):
 PSYoungGen      total 318080K, used 318066K [0x00000000eaab0000, 0x0000000100000000, 0x0000000100000000)
  eden space 289856K, 100% used [0x00000000eaab0000,0x00000000fc5c0000,0x00000000fc5c0000)
  from space 28224K, 99% used [0x00000000fc5c0000,0x00000000fe14c830,0x00000000fe150000)
  to   space 31424K, 0% used [0x00000000fe150000,0x00000000fe150000,0x0000000100000000)
 ParOldGen       total 87232K, used 49194K [0x00000000c0000000, 0x00000000c5530000, 0x00000000eaab0000)
  object space 87232K, 56% used [0x00000000c0000000,0x00000000c300a928,0x00000000c5530000)
 PSPermGen       total 88256K, used 63571K [0x00000000b0000000, 0x00000000b5630000, 0x00000000c0000000)
  object space 88256K, 72% used [0x00000000b0000000,0x00000000b3e14f50,0x00000000b5630000)
Event: 453.734 GC heap after
Heap after GC invocations=11 (full 1):
 PSYoungGen      total 298624K, used 31424K [0x00000000eaab0000, 0x0000000100000000, 0x0000000100000000)
  eden space 267200K, 0% used [0x00000000eaab0000,0x00000000eaab0000,0x00000000fafa0000)
  from space 31424K, 100% used [0x00000000fe150000,0x0000000100000000,0x0000000100000000)
  to   space 41152K, 0% used [0x00000000fafa0000,0x00000000fafa0000,0x00000000fd7d0000)
 ParOldGen       total 87232K, used 56816K [0x00000000c0000000, 0x00000000c5530000, 0x00000000eaab0000)
  object space 87232K, 65% used [0x00000000c0000000,0x00000000c377c340,0x00000000c5530000)
 PSPermGen       total 88256K, used 63571K [0x00000000b0000000, 0x00000000b5630000, 0x00000000c0000000)
  object space 88256K, 72% used [0x00000000b0000000,0x00000000b3e14f50,0x00000000b5630000)
}
Event: 478.907 GC heap before
{Heap before GC invocations=12 (full 1):
 PSYoungGen      total 298624K, used 298624K [0x00000000eaab0000, 0x0000000100000000, 0x0000000100000000)
  eden space 267200K, 100% used [0x00000000eaab0000,0x00000000fafa0000,0x00000000fafa0000)
  from space 31424K, 100% used [0x00000000fe150000,0x0000000100000000,0x0000000100000000)
  to   space 41152K, 0% used [0x00000000fafa0000,0x00000000fafa0000,0x00000000fd7d0000)
 ParOldGen       total 87232K, used 56816K [0x00000000c0000000, 0x00000000c5530000, 0x00000000eaab0000)
  object space 87232K, 65% used [0x00000000c0000000,0x00000000c377c340,0x00000000c5530000)
 PSPermGen       total 88256K, used 73090K [0x00000000b0000000, 0x00000000b5630000, 0x00000000c0000000)
  object space 88256K, 82% used [0x00000000b0000000,0x00000000b4760af8,0x00000000b5630000)
Event: 479.101 GC heap after
Heap after GC invocations=12 (full 1):
 PSYoungGen      total 299008K, used 31802K [0x00000000eaab0000, 0x0000000100000000, 0x0000000100000000)
  eden space 267200K, 0% used [0x00000000eaab0000,0x00000000eaab0000,0x00000000fafa0000)
  from space 31808K, 99% used [0x00000000fafa0000,0x00000000fceaeb98,0x00000000fceb0000)
  to   space 44224K, 0% used [0x00000000fd4d0000,0x00000000fd4d0000,0x0000000100000000)
 ParOldGen       total 88000K, used 87741K [0x00000000c0000000, 0x00000000c55f0000, 0x00000000eaab0000)
  object space 88000K, 99% used [0x00000000c0000000,0x00000000c55af548,0x00000000c55f0000)
 PSPermGen       total 88256K, used 73090K [0x00000000b0000000, 0x00000000b5630000, 0x00000000c0000000)
  object space 88256K, 82% used [0x00000000b0000000,0x00000000b4760af8,0x00000000b5630000)
}
Event: 479.101 GC heap before
{Heap before GC invocations=13 (full 2):
 PSYoungGen      total 299008K, used 31802K [0x00000000eaab0000, 0x0000000100000000, 0x0000000100000000)
  eden space 267200K, 0% used [0x00000000eaab0000,0x00000000eaab0000,0x00000000fafa0000)
  from space 31808K, 99% used [0x00000000fafa0000,0x00000000fceaeb98,0x00000000fceb0000)
  to   space 44224K, 0% used [0x00000000fd4d0000,0x00000000fd4d0000,0x0000000100000000)
 ParOldGen       total 88000K, used 87741K [0x00000000c0000000, 0x00000000c55f0000, 0x00000000eaab0000)
  object space 88000K, 99% used [0x00000000c0000000,0x00000000c55af548,0x00000000c55f0000)
 PSPermGen       total 88256K, used 73090K [0x00000000b0000000, 0x00000000b5630000, 0x00000000c0000000)
  object space 88256K, 82% used [0x00000000b0000000,0x00000000b4760af8,0x00000000b5630000)
Event: 480.243 GC heap after
Heap after GC invocations=13 (full 2):
 PSYoungGen      total 299008K, used 11171K [0x00000000eaab0000, 0x0000000100000000, 0x0000000100000000)
  eden space 267200K, 0% used [0x00000000eaab0000,0x00000000eaab0000,0x00000000fafa0000)
  from space 31808K, 35% used [0x00000000fafa0000,0x00000000fba88fa8,0x00000000fceb0000)
  to   space 44224K, 0% used [0x00000000fd4d0000,0x00000000fd4d0000,0x0000000100000000)
 ParOldGen       total 151808K, used 87999K [0x00000000c0000000, 0x00000000c9440000, 0x00000000eaab0000)
  object space 151808K, 57% used [0x00000000c0000000,0x00000000c55efef8,0x00000000c9440000)
 PSPermGen       total 121088K, used 73071K [0x00000000b0000000, 0x00000000b7640000, 0x00000000c0000000)
  object space 121088K, 60% used [0x00000000b0000000,0x00000000b475bcc8,0x00000000b7640000)
}

