# JRE version: 7.0_09-b05
# Java VM: Java HotSpot(TM) 64-Bit Server VM (23.5-b02 mixed mode windows-amd64 compressed oops)
Heap
 PSYoungGen      total 146304K, used 63472K [0x00000000eaab0000, 0x00000000fca30000, 0x0000000100000000)
  eden space 126400K, 37% used [0x00000000eaab0000,0x00000000ed8b45b0,0x00000000f2620000)
  from space 19904K, 82% used [0x00000000f2620000,0x00000000f3617c88,0x00000000f3990000)
  to   space 20800K, 0% used [0x00000000fb5e0000,0x00000000fb5e0000,0x00000000fca30000)
 ParOldGen       total 87232K, used 35981K [0x00000000c0000000, 0x00000000c5530000, 0x00000000eaab0000)
  object space 87232K, 41% used [0x00000000c0000000,0x00000000c23234d0,0x00000000c5530000)
 PSPermGen       total 21248K, used 7608K [0x00000000bae00000, 0x00000000bc2c0000, 0x00000000c0000000)
  object space 21248K, 35% used [0x00000000bae00000,0x00000000bb56e190,0x00000000bc2c0000)
GC Heap History (10 events):
Event: 7.234 GC heap before
{Heap before GC invocations=3 (full 0):
 PSYoungGen      total 38144K, used 38128K [0x00000000eaab0000, 0x00000000ef530000, 0x0000000100000000)
  eden space 32704K, 100% used [0x00000000eaab0000,0x00000000ecaa0000,0x00000000ecaa0000)
  from space 5440K, 99% used [0x00000000ecff0000,0x00000000ed53c010,0x00000000ed540000)
  to   space 5440K, 0% used [0x00000000ecaa0000,0x00000000ecaa0000,0x00000000ecff0000)
 ParOldGen       total 87232K, used 7789K [0x00000000c0000000, 0x00000000c5530000, 0x00000000eaab0000)
  object space 87232K, 8% used [0x00000000c0000000,0x00000000c079b7a0,0x00000000c5530000)
 PSPermGen       total 21248K, used 5302K [0x00000000bae00000, 0x00000000bc2c0000, 0x00000000c0000000)
  object space 21248K, 24% used [0x00000000bae00000,0x00000000bb32dba8,0x00000000bc2c0000)
Event: 7.270 GC heap after
Heap after GC invocations=3 (full 0):
 PSYoungGen      total 38144K, used 5424K [0x00000000eaab0000, 0x00000000ef530000, 0x0000000100000000)
  eden space 32704K, 0% used [0x00000000eaab0000,0x00000000eaab0000,0x00000000ecaa0000)
  from space 5440K, 99% used [0x00000000ecaa0000,0x00000000ecfec010,0x00000000ecff0000)
  to   space 5440K, 0% used [0x00000000eefe0000,0x00000000eefe0000,0x00000000ef530000)
 ParOldGen       total 87232K, used 12519K [0x00000000c0000000, 0x00000000c5530000, 0x00000000eaab0000)
  object space 87232K, 14% used [0x00000000c0000000,0x00000000c0c39cd0,0x00000000c5530000)
 PSPermGen       total 21248K, used 5302K [0x00000000bae00000, 0x00000000bc2c0000, 0x00000000c0000000)
  object space 21248K, 24% used [0x00000000bae00000,0x00000000bb32dba8,0x00000000bc2c0000)
}
Event: 8.692 GC heap before
{Heap before GC invocations=4 (full 0):
 PSYoungGen      total 38144K, used 38128K [0x00000000eaab0000, 0x00000000ef530000, 0x0000000100000000)
  eden space 32704K, 100% used [0x00000000eaab0000,0x00000000ecaa0000,0x00000000ecaa0000)
  from space 5440K, 99% used [0x00000000ecaa0000,0x00000000ecfec010,0x00000000ecff0000)
  to   space 5440K, 0% used [0x00000000eefe0000,0x00000000eefe0000,0x00000000ef530000)
 ParOldGen       total 87232K, used 12519K [0x00000000c0000000, 0x00000000c5530000, 0x00000000eaab0000)
  object space 87232K, 14% used [0x00000000c0000000,0x00000000c0c39cd0,0x00000000c5530000)
 PSPermGen       total 21248K, used 5324K [0x00000000bae00000, 0x00000000bc2c0000, 0x00000000c0000000)
  object space 21248K, 25% used [0x00000000bae00000,0x00000000bb333340,0x00000000bc2c0000)
Event: 8.737 GC heap after
Heap after GC invocations=4 (full 0):
 PSYoungGen      total 70848K, used 5410K [0x00000000eaab0000, 0x00000000ef530000, 0x0000000100000000)
  eden space 65408K, 0% used [0x00000000eaab0000,0x00000000eaab0000,0x00000000eea90000)
  from space 5440K, 99% used [0x00000000eefe0000,0x00000000ef528960,0x00000000ef530000)
  to   space 5440K, 0% used [0x00000000eea90000,0x00000000eea90000,0x00000000eefe0000)
 ParOldGen       total 87232K, used 18386K [0x00000000c0000000, 0x00000000c5530000, 0x00000000eaab0000)
  object space 87232K, 21% used [0x00000000c0000000,0x00000000c11f4ba8,0x00000000c5530000)
 PSPermGen       total 21248K, used 5324K [0x00000000bae00000, 0x00000000bc2c0000, 0x00000000c0000000)
  object space 21248K, 25% used [0x00000000bae00000,0x00000000bb333340,0x00000000bc2c0000)
}
Event: 10.268 GC heap before
{Heap before GC invocations=5 (full 0):
 PSYoungGen      total 70848K, used 70818K [0x00000000eaab0000, 0x00000000ef530000, 0x0000000100000000)
  eden space 65408K, 100% used [0x00000000eaab0000,0x00000000eea90000,0x00000000eea90000)
  from space 5440K, 99% used [0x00000000eefe0000,0x00000000ef528960,0x00000000ef530000)
  to   space 5440K, 0% used [0x00000000eea90000,0x00000000eea90000,0x00000000eefe0000)
 ParOldGen       total 87232K, used 18386K [0x00000000c0000000, 0x00000000c5530000, 0x00000000eaab0000)
  object space 87232K, 21% used [0x00000000c0000000,0x00000000c11f4ba8,0x00000000c5530000)
 PSPermGen       total 21248K, used 5349K [0x00000000bae00000, 0x00000000bc2c0000, 0x00000000c0000000)
  object space 21248K, 25% used [0x00000000bae00000,0x00000000bb339600,0x00000000bc2c0000)
Event: 10.375 GC heap after
Heap after GC invocations=5 (full 0):
 PSYoungGen      total 70848K, used 5424K [0x00000000eaab0000, 0x00000000f48b0000, 0x0000000100000000)
  eden space 65408K, 0% used [0x00000000eaab0000,0x00000000eaab0000,0x00000000eea90000)
  from space 5440K, 99% used [0x00000000eea90000,0x00000000eefdc038,0x00000000eefe0000)
  to   space 15488K, 0% used [0x00000000f3990000,0x00000000f3990000,0x00000000f48b0000)
 ParOldGen       total 87232K, used 28433K [0x00000000c0000000, 0x00000000c5530000, 0x00000000eaab0000)
  object space 87232K, 32% used [0x00000000c0000000,0x00000000c1bc47a8,0x00000000c5530000)
 PSPermGen       total 21248K, used 5349K [0x00000000bae00000, 0x00000000bc2c0000, 0x00000000c0000000)
  object space 21248K, 25% used [0x00000000bae00000,0x00000000bb339600,0x00000000bc2c0000)
}
Event: 14.275 GC heap before
{Heap before GC invocations=6 (full 0):
 PSYoungGen      total 70848K, used 70832K [0x00000000eaab0000, 0x00000000f48b0000, 0x0000000100000000)
  eden space 65408K, 100% used [0x00000000eaab0000,0x00000000eea90000,0x00000000eea90000)
  from space 5440K, 99% used [0x00000000eea90000,0x00000000eefdc038,0x00000000eefe0000)
  to   space 15488K, 0% used [0x00000000f3990000,0x00000000f3990000,0x00000000f48b0000)
 ParOldGen       total 87232K, used 28433K [0x00000000c0000000, 0x00000000c5530000, 0x00000000eaab0000)
  object space 87232K, 32% used [0x00000000c0000000,0x00000000c1bc47a8,0x00000000c5530000)
 PSPermGen       total 21248K, used 7433K [0x00000000bae00000, 0x00000000bc2c0000, 0x00000000c0000000)
  object space 21248K, 34% used [0x00000000bae00000,0x00000000bb542640,0x00000000bc2c0000)
Event: 14.362 GC heap after
Heap after GC invocations=6 (full 0):
 PSYoungGen      total 141888K, used 15479K [0x00000000eaab0000, 0x00000000f5150000, 0x0000000100000000)
  eden space 126400K, 0% used [0x00000000eaab0000,0x00000000eaab0000,0x00000000f2620000)
  from space 15488K, 99% used [0x00000000f3990000,0x00000000f48adfc8,0x00000000f48b0000)
  to   space 19904K, 0% used [0x00000000f2620000,0x00000000f2620000,0x00000000f3990000)
 ParOldGen       total 87232K, used 33098K [0x00000000c0000000, 0x00000000c5530000, 0x00000000eaab0000)
  object space 87232K, 37% used [0x00000000c0000000,0x00000000c2052aa0,0x00000000c5530000)
 PSPermGen       total 21248K, used 7433K [0x00000000bae00000, 0x00000000bc2c0000, 0x00000000c0000000)
  object space 21248K, 34% used [0x00000000bae00000,0x00000000bb542640,0x00000000bc2c0000)
}
Event: 16.481 GC heap before
{Heap before GC invocations=7 (full 0):
 PSYoungGen      total 141888K, used 141879K [0x00000000eaab0000, 0x00000000f5150000, 0x0000000100000000)
  eden space 126400K, 100% used [0x00000000eaab0000,0x00000000f2620000,0x00000000f2620000)
  from space 15488K, 99% used [0x00000000f3990000,0x00000000f48adfc8,0x00000000f48b0000)
  to   space 19904K, 0% used [0x00000000f2620000,0x00000000f2620000,0x00000000f3990000)
 ParOldGen       total 87232K, used 33098K [0x00000000c0000000, 0x00000000c5530000, 0x00000000eaab0000)
  object space 87232K, 37% used [0x00000000c0000000,0x00000000c2052aa0,0x00000000c5530000)
 PSPermGen       total 21248K, used 7509K [0x00000000bae00000, 0x00000000bc2c0000, 0x00000000c0000000)
  object space 21248K, 35% used [0x00000000bae00000,0x00000000bb5556a0,0x00000000bc2c0000)
Event: 16.546 GC heap after
Heap after GC invocations=7 (full 0):
 PSYoungGen      total 146304K, used 16351K [0x00000000eaab0000, 0x00000000fca30000, 0x0000000100000000)
  eden space 126400K, 0% used [0x00000000eaab0000,0x00000000eaab0000,0x00000000f2620000)
  from space 19904K, 82% used [0x00000000f2620000,0x00000000f3617c88,0x00000000f3990000)
  to   space 20800K, 0% used [0x00000000fb5e0000,0x00000000fb5e0000,0x00000000fca30000)
 ParOldGen       total 87232K, used 35981K [0x00000000c0000000, 0x00000000c5530000, 0x00000000eaab0000)
  object space 87232K, 41% used [0x00000000c0000000,0x00000000c23234d0,0x00000000c5530000)
 PSPermGen       total 21248K, used 7509K [0x00000000bae00000, 0x00000000bc2c0000, 0x00000000c0000000)
  object space 21248K, 35% used [0x00000000bae00000,0x00000000bb5556a0,0x00000000bc2c0000)
}

