# JRE version: 7.0_09-b05
# Java VM: Java HotSpot(TM) 64-Bit Server VM (23.5-b02 mixed mode windows-amd64 compressed oops)
Heap
 PSYoungGen      total 322368K, used 24923K [0x00000000eaab0000, 0x0000000100000000, 0x0000000100000000)
  eden space 297408K, 0% used [0x00000000eaab0000,0x00000000eaab00b8,0x00000000fcd20000)
  from space 24960K, 99% used [0x00000000fcd20000,0x00000000fe576c08,0x00000000fe580000)
  to   space 27136K, 0% used [0x00000000fe580000,0x00000000fe580000,0x0000000100000000)
 ParOldGen       total 87232K, used 75443K [0x00000000c0000000, 0x00000000c5530000, 0x00000000eaab0000)
  object space 87232K, 86% used [0x00000000c0000000,0x00000000c49acf98,0x00000000c5530000)
 PSPermGen       total 21248K, used 7629K [0x00000000bae00000, 0x00000000bc2c0000, 0x00000000c0000000)
  object space 21248K, 35% used [0x00000000bae00000,0x00000000bb573710,0x00000000bc2c0000)
GC Heap History (10 events):
Event: 15.606 GC heap after
Heap after GC invocations=5 (full 0):
 PSYoungGen      total 136256K, used 5428K [0x00000000eaab0000, 0x00000000fd6b0000, 0x0000000100000000)
  eden space 130816K, 0% used [0x00000000eaab0000,0x00000000eaab0000,0x00000000f2a70000)
  from space 5440K, 99% used [0x00000000f2a70000,0x00000000f2fbd088,0x00000000f2fc0000)
  to   space 22784K, 0% used [0x00000000fc070000,0x00000000fc070000,0x00000000fd6b0000)
 ParOldGen       total 87232K, used 42915K [0x00000000c0000000, 0x00000000c5530000, 0x00000000eaab0000)
  object space 87232K, 49% used [0x00000000c0000000,0x00000000c29e8df0,0x00000000c5530000)
 PSPermGen       total 21248K, used 7489K [0x00000000bae00000, 0x00000000bc2c0000, 0x00000000c0000000)
  object space 21248K, 35% used [0x00000000bae00000,0x00000000bb5505b8,0x00000000bc2c0000)
}
Event: 17.037 GC heap before
{Heap before GC invocations=6 (full 0):
 PSYoungGen      total 136256K, used 134068K [0x00000000eaab0000, 0x00000000fd6b0000, 0x0000000100000000)
  eden space 130816K, 98% used [0x00000000eaab0000,0x00000000f2850210,0x00000000f2a70000)
  from space 5440K, 99% used [0x00000000f2a70000,0x00000000f2fbd088,0x00000000f2fc0000)
  to   space 22784K, 0% used [0x00000000fc070000,0x00000000fc070000,0x00000000fd6b0000)
 ParOldGen       total 87232K, used 42915K [0x00000000c0000000, 0x00000000c5530000, 0x00000000eaab0000)
  object space 87232K, 49% used [0x00000000c0000000,0x00000000c29e8df0,0x00000000c5530000)
 PSPermGen       total 21248K, used 7613K [0x00000000bae00000, 0x00000000bc2c0000, 0x00000000c0000000)
  object space 21248K, 35% used [0x00000000bae00000,0x00000000bb56f510,0x00000000bc2c0000)
Event: 17.108 GC heap after
Heap after GC invocations=6 (full 0):
 PSYoungGen      total 284032K, used 9036K [0x00000000eaab0000, 0x00000000fd650000, 0x0000000100000000)
  eden space 261632K, 0% used [0x00000000eaab0000,0x00000000eaab0000,0x00000000faa30000)
  from space 22400K, 40% used [0x00000000fc070000,0x00000000fc943048,0x00000000fd650000)
  to   space 22592K, 0% used [0x00000000faa30000,0x00000000faa30000,0x00000000fc040000)
 ParOldGen       total 87232K, used 42915K [0x00000000c0000000, 0x00000000c5530000, 0x00000000eaab0000)
  object space 87232K, 49% used [0x00000000c0000000,0x00000000c29e8df0,0x00000000c5530000)
 PSPermGen       total 21248K, used 7613K [0x00000000bae00000, 0x00000000bc2c0000, 0x00000000c0000000)
  object space 21248K, 35% used [0x00000000bae00000,0x00000000bb56f510,0x00000000bc2c0000)
}
Event: 18.746 GC heap before
{Heap before GC invocations=7 (full 0):
 PSYoungGen      total 284032K, used 270668K [0x00000000eaab0000, 0x00000000fd650000, 0x0000000100000000)
  eden space 261632K, 100% used [0x00000000eaab0000,0x00000000faa30000,0x00000000faa30000)
  from space 22400K, 40% used [0x00000000fc070000,0x00000000fc943048,0x00000000fd650000)
  to   space 22592K, 0% used [0x00000000faa30000,0x00000000faa30000,0x00000000fc040000)
 ParOldGen       total 87232K, used 42915K [0x00000000c0000000, 0x00000000c5530000, 0x00000000eaab0000)
  object space 87232K, 49% used [0x00000000c0000000,0x00000000c29e8df0,0x00000000c5530000)
 PSPermGen       total 21248K, used 7624K [0x00000000bae00000, 0x00000000bc2c0000, 0x00000000c0000000)
  object space 21248K, 35% used [0x00000000bae00000,0x00000000bb5723b0,0x00000000bc2c0000)
Event: 18.812 GC heap after
Heap after GC invocations=7 (full 0):
 PSYoungGen      total 284224K, used 18170K [0x00000000eaab0000, 0x0000000100000000, 0x0000000100000000)
  eden space 261632K, 0% used [0x00000000eaab0000,0x00000000eaab0000,0x00000000faa30000)
  from space 22592K, 80% used [0x00000000faa30000,0x00000000fbbeea08,0x00000000fc040000)
  to   space 23744K, 0% used [0x00000000fe8d0000,0x00000000fe8d0000,0x0000000100000000)
 ParOldGen       total 87232K, used 45740K [0x00000000c0000000, 0x00000000c5530000, 0x00000000eaab0000)
  object space 87232K, 52% used [0x00000000c0000000,0x00000000c2cab0f8,0x00000000c5530000)
 PSPermGen       total 21248K, used 7624K [0x00000000bae00000, 0x00000000bc2c0000, 0x00000000c0000000)
  object space 21248K, 35% used [0x00000000bae00000,0x00000000bb5723b0,0x00000000bc2c0000)
}
Event: 20.070 GC heap before
{Heap before GC invocations=8 (full 0):
 PSYoungGen      total 284224K, used 279802K [0x00000000eaab0000, 0x0000000100000000, 0x0000000100000000)
  eden space 261632K, 100% used [0x00000000eaab0000,0x00000000faa30000,0x00000000faa30000)
  from space 22592K, 80% used [0x00000000faa30000,0x00000000fbbeea08,0x00000000fc040000)
  to   space 23744K, 0% used [0x00000000fe8d0000,0x00000000fe8d0000,0x0000000100000000)
 ParOldGen       total 87232K, used 45740K [0x00000000c0000000, 0x00000000c5530000, 0x00000000eaab0000)
  object space 87232K, 52% used [0x00000000c0000000,0x00000000c2cab0f8,0x00000000c5530000)
 PSPermGen       total 21248K, used 7629K [0x00000000bae00000, 0x00000000bc2c0000, 0x00000000c0000000)
  object space 21248K, 35% used [0x00000000bae00000,0x00000000bb5735f8,0x00000000bc2c0000)
Event: 20.124 GC heap after
Heap after GC invocations=8 (full 0):
 PSYoungGen      total 321152K, used 21791K [0x00000000eaab0000, 0x0000000100000000, 0x0000000100000000)
  eden space 297408K, 0% used [0x00000000eaab0000,0x00000000eaab0000,0x00000000fcd20000)
  from space 23744K, 91% used [0x00000000fe8d0000,0x00000000ffe17ea8,0x0000000100000000)
  to   space 26048K, 0% used [0x00000000fcd20000,0x00000000fcd20000,0x00000000fe690000)
 ParOldGen       total 87232K, used 65309K [0x00000000c0000000, 0x00000000c5530000, 0x00000000eaab0000)
  object space 87232K, 74% used [0x00000000c0000000,0x00000000c3fc7730,0x00000000c5530000)
 PSPermGen       total 21248K, used 7629K [0x00000000bae00000, 0x00000000bc2c0000, 0x00000000c0000000)
  object space 21248K, 35% used [0x00000000bae00000,0x00000000bb5735f8,0x00000000bc2c0000)
}
Event: 21.472 GC heap before
{Heap before GC invocations=9 (full 0):
 PSYoungGen      total 321152K, used 319199K [0x00000000eaab0000, 0x0000000100000000, 0x0000000100000000)
  eden space 297408K, 100% used [0x00000000eaab0000,0x00000000fcd20000,0x00000000fcd20000)
  from space 23744K, 91% used [0x00000000fe8d0000,0x00000000ffe17ea8,0x0000000100000000)
  to   space 26048K, 0% used [0x00000000fcd20000,0x00000000fcd20000,0x00000000fe690000)
 ParOldGen       total 87232K, used 65309K [0x00000000c0000000, 0x00000000c5530000, 0x00000000eaab0000)
  object space 87232K, 74% used [0x00000000c0000000,0x00000000c3fc7730,0x00000000c5530000)
 PSPermGen       total 21248K, used 7629K [0x00000000bae00000, 0x00000000bc2c0000, 0x00000000c0000000)
  object space 21248K, 35% used [0x00000000bae00000,0x00000000bb573710,0x00000000bc2c0000)
Event: 21.526 GC heap after
Heap after GC invocations=9 (full 0):
 PSYoungGen      total 322368K, used 24923K [0x00000000eaab0000, 0x0000000100000000, 0x0000000100000000)
  eden space 297408K, 0% used [0x00000000eaab0000,0x00000000eaab0000,0x00000000fcd20000)
  from space 24960K, 99% used [0x00000000fcd20000,0x00000000fe576c08,0x00000000fe580000)
  to   space 27136K, 0% used [0x00000000fe580000,0x00000000fe580000,0x0000000100000000)
 ParOldGen       total 87232K, used 75443K [0x00000000c0000000, 0x00000000c5530000, 0x00000000eaab0000)
  object space 87232K, 86% used [0x00000000c0000000,0x00000000c49acf98,0x00000000c5530000)
 PSPermGen       total 21248K, used 7629K [0x00000000bae00000, 0x00000000bc2c0000, 0x00000000c0000000)
  object space 21248K, 35% used [0x00000000bae00000,0x00000000bb573710,0x00000000bc2c0000)
}
Event: 21.526 GC heap before
{Heap before GC invocations=10 (full 1):
 PSYoungGen      total 322368K, used 24923K [0x00000000eaab0000, 0x0000000100000000, 0x0000000100000000)
  eden space 297408K, 0% used [0x00000000eaab0000,0x00000000eaab0000,0x00000000fcd20000)
  from space 24960K, 99% used [0x00000000fcd20000,0x00000000fe576c08,0x00000000fe580000)
  to   space 27136K, 0% used [0x00000000fe580000,0x00000000fe580000,0x0000000100000000)
 ParOldGen       total 87232K, used 75443K [0x00000000c0000000, 0x00000000c5530000, 0x00000000eaab0000)
  object space 87232K, 86% used [0x00000000c0000000,0x00000000c49acf98,0x00000000c5530000)
 PSPermGen       total 21248K, used 7629K [0x00000000bae00000, 0x00000000bc2c0000, 0x00000000c0000000)
  object space 21248K, 35% used [0x00000000bae00000,0x00000000bb573710,0x00000000bc2c0000)

