# JRE version: 7.0_09-b05
# Java VM: Java HotSpot(TM) 64-Bit Server VM (23.5-b02 mixed mode windows-amd64 compressed oops)
Heap
 PSYoungGen      total 318400K, used 23538K [0x00000000eaab0000, 0x0000000100000000, 0x0000000100000000)
  eden space 294720K, 0% used [0x00000000eaab0000,0x00000000eaab0000,0x00000000fca80000)
  from space 23680K, 99% used [0x00000000fe8e0000,0x00000000fffdcb88,0x0000000100000000)
  to   space 27392K, 0% used [0x00000000fca80000,0x00000000fca80000,0x00000000fe540000)
 ParOldGen       total 87232K, used 84697K [0x00000000c0000000, 0x00000000c5530000, 0x00000000eaab0000)
  object space 87232K, 97% used [0x00000000c0000000,0x00000000c52b64e0,0x00000000c5530000)
 PSPermGen       total 21248K, used 7634K [0x00000000bae00000, 0x00000000bc2c0000, 0x00000000c0000000)
  object space 21248K, 35% used [0x00000000bae00000,0x00000000bb574b00,0x00000000bc2c0000)
GC Heap History (10 events):
Event: 19.178 GC heap after
Heap after GC invocations=8 (full 0):
 PSYoungGen      total 270912K, used 19318K [0x00000000eaab0000, 0x00000000fcdd0000, 0x0000000100000000)
  eden space 251584K, 0% used [0x00000000eaab0000,0x00000000eaab0000,0x00000000fa060000)
  from space 19328K, 99% used [0x00000000fb5d0000,0x00000000fc8adaa8,0x00000000fc8b0000)
  to   space 21952K, 0% used [0x00000000fa060000,0x00000000fa060000,0x00000000fb5d0000)
 ParOldGen       total 87232K, used 35669K [0x00000000c0000000, 0x00000000c5530000, 0x00000000eaab0000)
  object space 87232K, 40% used [0x00000000c0000000,0x00000000c22d5648,0x00000000c5530000)
 PSPermGen       total 21248K, used 7618K [0x00000000bae00000, 0x00000000bc2c0000, 0x00000000c0000000)
  object space 21248K, 35% used [0x00000000bae00000,0x00000000bb570940,0x00000000bc2c0000)
}
Event: 20.804 GC heap before
{Heap before GC invocations=9 (full 0):
 PSYoungGen      total 270912K, used 270902K [0x00000000eaab0000, 0x00000000fcdd0000, 0x0000000100000000)
  eden space 251584K, 100% used [0x00000000eaab0000,0x00000000fa060000,0x00000000fa060000)
  from space 19328K, 99% used [0x00000000fb5d0000,0x00000000fc8adaa8,0x00000000fc8b0000)
  to   space 21952K, 0% used [0x00000000fa060000,0x00000000fa060000,0x00000000fb5d0000)
 ParOldGen       total 87232K, used 35669K [0x00000000c0000000, 0x00000000c5530000, 0x00000000eaab0000)
  object space 87232K, 40% used [0x00000000c0000000,0x00000000c22d5648,0x00000000c5530000)
 PSPermGen       total 21248K, used 7627K [0x00000000bae00000, 0x00000000bc2c0000, 0x00000000c0000000)
  object space 21248K, 35% used [0x00000000bae00000,0x00000000bb572f70,0x00000000bc2c0000)
Event: 20.873 GC heap after
Heap after GC invocations=9 (full 0):
 PSYoungGen      total 273536K, used 10590K [0x00000000eaab0000, 0x0000000100000000, 0x0000000100000000)
  eden space 251584K, 0% used [0x00000000eaab0000,0x00000000eaab0000,0x00000000fa060000)
  from space 21952K, 48% used [0x00000000fa060000,0x00000000faab7938,0x00000000fb5d0000)
  to   space 21568K, 0% used [0x00000000feaf0000,0x00000000feaf0000,0x0000000100000000)
 ParOldGen       total 87232K, used 47376K [0x00000000c0000000, 0x00000000c5530000, 0x00000000eaab0000)
  object space 87232K, 54% used [0x00000000c0000000,0x00000000c2e44210,0x00000000c5530000)
 PSPermGen       total 21248K, used 7627K [0x00000000bae00000, 0x00000000bc2c0000, 0x00000000c0000000)
  object space 21248K, 35% used [0x00000000bae00000,0x00000000bb572f70,0x00000000bc2c0000)
}
Event: 22.166 GC heap before
{Heap before GC invocations=10 (full 0):
 PSYoungGen      total 273536K, used 262174K [0x00000000eaab0000, 0x0000000100000000, 0x0000000100000000)
  eden space 251584K, 100% used [0x00000000eaab0000,0x00000000fa060000,0x00000000fa060000)
  from space 21952K, 48% used [0x00000000fa060000,0x00000000faab7938,0x00000000fb5d0000)
  to   space 21568K, 0% used [0x00000000feaf0000,0x00000000feaf0000,0x0000000100000000)
 ParOldGen       total 87232K, used 47376K [0x00000000c0000000, 0x00000000c5530000, 0x00000000eaab0000)
  object space 87232K, 54% used [0x00000000c0000000,0x00000000c2e44210,0x00000000c5530000)
 PSPermGen       total 21248K, used 7632K [0x00000000bae00000, 0x00000000bc2c0000, 0x00000000c0000000)
  object space 21248K, 35% used [0x00000000bae00000,0x00000000bb574120,0x00000000bc2c0000)
Event: 22.218 GC heap after
Heap after GC invocations=10 (full 0):
 PSYoungGen      total 325120K, used 19243K [0x00000000eaab0000, 0x0000000100000000, 0x0000000100000000)
  eden space 303552K, 0% used [0x00000000eaab0000,0x00000000eaab0000,0x00000000fd320000)
  from space 21568K, 89% used [0x00000000feaf0000,0x00000000ffdbaf48,0x0000000100000000)
  to   space 22976K, 0% used [0x00000000fd320000,0x00000000fd320000,0x00000000fe990000)
 ParOldGen       total 87232K, used 53805K [0x00000000c0000000, 0x00000000c5530000, 0x00000000eaab0000)
  object space 87232K, 61% used [0x00000000c0000000,0x00000000c348b470,0x00000000c5530000)
 PSPermGen       total 21248K, used 7632K [0x00000000bae00000, 0x00000000bc2c0000, 0x00000000c0000000)
  object space 21248K, 35% used [0x00000000bae00000,0x00000000bb574120,0x00000000bc2c0000)
}
Event: 23.814 GC heap before
{Heap before GC invocations=11 (full 0):
 PSYoungGen      total 325120K, used 322795K [0x00000000eaab0000, 0x0000000100000000, 0x0000000100000000)
  eden space 303552K, 100% used [0x00000000eaab0000,0x00000000fd320000,0x00000000fd320000)
  from space 21568K, 89% used [0x00000000feaf0000,0x00000000ffdbaf48,0x0000000100000000)
  to   space 22976K, 0% used [0x00000000fd320000,0x00000000fd320000,0x00000000fe990000)
 ParOldGen       total 87232K, used 53805K [0x00000000c0000000, 0x00000000c5530000, 0x00000000eaab0000)
  object space 87232K, 61% used [0x00000000c0000000,0x00000000c348b470,0x00000000c5530000)
 PSPermGen       total 21248K, used 7632K [0x00000000bae00000, 0x00000000bc2c0000, 0x00000000c0000000)
  object space 21248K, 35% used [0x00000000bae00000,0x00000000bb574120,0x00000000bc2c0000)
Event: 23.916 GC heap after
Heap after GC invocations=11 (full 0):
 PSYoungGen      total 325824K, used 22258K [0x00000000eaab0000, 0x0000000100000000, 0x0000000100000000)
  eden space 303552K, 0% used [0x00000000eaab0000,0x00000000eaab0000,0x00000000fd320000)
  from space 22272K, 99% used [0x00000000fd320000,0x00000000fe8dc8c0,0x00000000fe8e0000)
  to   space 23680K, 0% used [0x00000000fe8e0000,0x00000000fe8e0000,0x0000000100000000)
 ParOldGen       total 87232K, used 61908K [0x00000000c0000000, 0x00000000c5530000, 0x00000000eaab0000)
  object space 87232K, 70% used [0x00000000c0000000,0x00000000c3c75100,0x00000000c5530000)
 PSPermGen       total 21248K, used 7632K [0x00000000bae00000, 0x00000000bc2c0000, 0x00000000c0000000)
  object space 21248K, 35% used [0x00000000bae00000,0x00000000bb574120,0x00000000bc2c0000)
}
Event: 25.328 GC heap before
{Heap before GC invocations=12 (full 0):
 PSYoungGen      total 325824K, used 325810K [0x00000000eaab0000, 0x0000000100000000, 0x0000000100000000)
  eden space 303552K, 100% used [0x00000000eaab0000,0x00000000fd320000,0x00000000fd320000)
  from space 22272K, 99% used [0x00000000fd320000,0x00000000fe8dc8c0,0x00000000fe8e0000)
  to   space 23680K, 0% used [0x00000000fe8e0000,0x00000000fe8e0000,0x0000000100000000)
 ParOldGen       total 87232K, used 61908K [0x00000000c0000000, 0x00000000c5530000, 0x00000000eaab0000)
  object space 87232K, 70% used [0x00000000c0000000,0x00000000c3c75100,0x00000000c5530000)
 PSPermGen       total 21248K, used 7634K [0x00000000bae00000, 0x00000000bc2c0000, 0x00000000c0000000)
  object space 21248K, 35% used [0x00000000bae00000,0x00000000bb574b00,0x00000000bc2c0000)
Event: 25.473 GC heap after
Heap after GC invocations=12 (full 0):
 PSYoungGen      total 318400K, used 23538K [0x00000000eaab0000, 0x0000000100000000, 0x0000000100000000)
  eden space 294720K, 0% used [0x00000000eaab0000,0x00000000eaab0000,0x00000000fca80000)
  from space 23680K, 99% used [0x00000000fe8e0000,0x00000000fffdcb88,0x0000000100000000)
  to   space 27392K, 0% used [0x00000000fca80000,0x00000000fca80000,0x00000000fe540000)
 ParOldGen       total 87232K, used 84697K [0x00000000c0000000, 0x00000000c5530000, 0x00000000eaab0000)
  object space 87232K, 97% used [0x00000000c0000000,0x00000000c52b64e0,0x00000000c5530000)
 PSPermGen       total 21248K, used 7634K [0x00000000bae00000, 0x00000000bc2c0000, 0x00000000c0000000)
  object space 21248K, 35% used [0x00000000bae00000,0x00000000bb574b00,0x00000000bc2c0000)
}
Event: 25.473 GC heap before
{Heap before GC invocations=13 (full 1):
 PSYoungGen      total 318400K, used 23538K [0x00000000eaab0000, 0x0000000100000000, 0x0000000100000000)
  eden space 294720K, 0% used [0x00000000eaab0000,0x00000000eaab0000,0x00000000fca80000)
  from space 23680K, 99% used [0x00000000fe8e0000,0x00000000fffdcb88,0x0000000100000000)
  to   space 27392K, 0% used [0x00000000fca80000,0x00000000fca80000,0x00000000fe540000)
 ParOldGen       total 87232K, used 84697K [0x00000000c0000000, 0x00000000c5530000, 0x00000000eaab0000)
  object space 87232K, 97% used [0x00000000c0000000,0x00000000c52b64e0,0x00000000c5530000)
 PSPermGen       total 21248K, used 7634K [0x00000000bae00000, 0x00000000bc2c0000, 0x00000000c0000000)
  object space 21248K, 35% used [0x00000000bae00000,0x00000000bb574b00,0x00000000bc2c0000)

