# JRE version: 7.0_09-b05
# Java VM: Java HotSpot(TM) 64-Bit Server VM (23.5-b02 mixed mode windows-amd64 compressed oops)
Heap
 PSYoungGen      total 143744K, used 68791K [0x00000000eaab0000, 0x00000000f4db0000, 0x0000000100000000)
  eden space 128256K, 41% used [0x00000000eaab0000,0x00000000edebf660,0x00000000f27f0000)
  from space 15488K, 99% used [0x00000000f3990000,0x00000000f48ae5f0,0x00000000f48b0000)
  to   space 18048K, 0% used [0x00000000f27f0000,0x00000000f27f0000,0x00000000f3990000)
 ParOldGen       total 87232K, used 29817K [0x00000000c0000000, 0x00000000c5530000, 0x00000000eaab0000)
  object space 87232K, 34% used [0x00000000c0000000,0x00000000c1d1e710,0x00000000c5530000)
 PSPermGen       total 21248K, used 7485K [0x00000000bae00000, 0x00000000bc2c0000, 0x00000000c0000000)
  object space 21248K, 35% used [0x00000000bae00000,0x00000000bb54f738,0x00000000bc2c0000)
GC Heap History (10 events):
Event: 6.388 GC heap before
{Heap before GC invocations=2 (full 0):
 PSYoungGen      total 38144K, used 38112K [0x00000000eaab0000, 0x00000000ed540000, 0x0000000100000000)
  eden space 32704K, 100% used [0x00000000eaab0000,0x00000000ecaa0000,0x00000000ecaa0000)
  from space 5440K, 99% used [0x00000000ecaa0000,0x00000000ecfe8018,0x00000000ecff0000)
  to   space 5440K, 0% used [0x00000000ecff0000,0x00000000ecff0000,0x00000000ed540000)
 ParOldGen       total 87232K, used 2821K [0x00000000c0000000, 0x00000000c5530000, 0x00000000eaab0000)
  object space 87232K, 3% used [0x00000000c0000000,0x00000000c02c1518,0x00000000c5530000)
 PSPermGen       total 21248K, used 5250K [0x00000000bae00000, 0x00000000bc2c0000, 0x00000000c0000000)
  object space 21248K, 24% used [0x00000000bae00000,0x00000000bb320828,0x00000000bc2c0000)
Event: 6.432 GC heap after
Heap after GC invocations=2 (full 0):
 PSYoungGen      total 38144K, used 5424K [0x00000000eaab0000, 0x00000000ef530000, 0x0000000100000000)
  eden space 32704K, 0% used [0x00000000eaab0000,0x00000000eaab0000,0x00000000ecaa0000)
  from space 5440K, 99% used [0x00000000ecff0000,0x00000000ed53c038,0x00000000ed540000)
  to   space 5440K, 0% used [0x00000000ecaa0000,0x00000000ecaa0000,0x00000000ecff0000)
 ParOldGen       total 87232K, used 7939K [0x00000000c0000000, 0x00000000c5530000, 0x00000000eaab0000)
  object space 87232K, 9% used [0x00000000c0000000,0x00000000c07c0fe0,0x00000000c5530000)
 PSPermGen       total 21248K, used 5250K [0x00000000bae00000, 0x00000000bc2c0000, 0x00000000c0000000)
  object space 21248K, 24% used [0x00000000bae00000,0x00000000bb320828,0x00000000bc2c0000)
}
Event: 7.644 GC heap before
{Heap before GC invocations=3 (full 0):
 PSYoungGen      total 38144K, used 38128K [0x00000000eaab0000, 0x00000000ef530000, 0x0000000100000000)
  eden space 32704K, 100% used [0x00000000eaab0000,0x00000000ecaa0000,0x00000000ecaa0000)
  from space 5440K, 99% used [0x00000000ecff0000,0x00000000ed53c038,0x00000000ed540000)
  to   space 5440K, 0% used [0x00000000ecaa0000,0x00000000ecaa0000,0x00000000ecff0000)
 ParOldGen       total 87232K, used 7939K [0x00000000c0000000, 0x00000000c5530000, 0x00000000eaab0000)
  object space 87232K, 9% used [0x00000000c0000000,0x00000000c07c0fe0,0x00000000c5530000)
 PSPermGen       total 21248K, used 5301K [0x00000000bae00000, 0x00000000bc2c0000, 0x00000000c0000000)
  object space 21248K, 24% used [0x00000000bae00000,0x00000000bb32d578,0x00000000bc2c0000)
Event: 7.689 GC heap after
Heap after GC invocations=3 (full 0):
 PSYoungGen      total 38144K, used 5408K [0x00000000eaab0000, 0x00000000ef530000, 0x0000000100000000)
  eden space 32704K, 0% used [0x00000000eaab0000,0x00000000eaab0000,0x00000000ecaa0000)
  from space 5440K, 99% used [0x00000000ecaa0000,0x00000000ecfe8028,0x00000000ecff0000)
  to   space 5440K, 0% used [0x00000000eefe0000,0x00000000eefe0000,0x00000000ef530000)
 ParOldGen       total 87232K, used 12389K [0x00000000c0000000, 0x00000000c5530000, 0x00000000eaab0000)
  object space 87232K, 14% used [0x00000000c0000000,0x00000000c0c19790,0x00000000c5530000)
 PSPermGen       total 21248K, used 5301K [0x00000000bae00000, 0x00000000bc2c0000, 0x00000000c0000000)
  object space 21248K, 24% used [0x00000000bae00000,0x00000000bb32d578,0x00000000bc2c0000)
}
Event: 9.240 GC heap before
{Heap before GC invocations=4 (full 0):
 PSYoungGen      total 38144K, used 38112K [0x00000000eaab0000, 0x00000000ef530000, 0x0000000100000000)
  eden space 32704K, 100% used [0x00000000eaab0000,0x00000000ecaa0000,0x00000000ecaa0000)
  from space 5440K, 99% used [0x00000000ecaa0000,0x00000000ecfe8028,0x00000000ecff0000)
  to   space 5440K, 0% used [0x00000000eefe0000,0x00000000eefe0000,0x00000000ef530000)
 ParOldGen       total 87232K, used 12389K [0x00000000c0000000, 0x00000000c5530000, 0x00000000eaab0000)
  object space 87232K, 14% used [0x00000000c0000000,0x00000000c0c19790,0x00000000c5530000)
 PSPermGen       total 21248K, used 5315K [0x00000000bae00000, 0x00000000bc2c0000, 0x00000000c0000000)
  object space 21248K, 25% used [0x00000000bae00000,0x00000000bb330c90,0x00000000bc2c0000)
Event: 9.285 GC heap after
Heap after GC invocations=4 (full 0):
 PSYoungGen      total 70848K, used 5426K [0x00000000eaab0000, 0x00000000ef530000, 0x0000000100000000)
  eden space 65408K, 0% used [0x00000000eaab0000,0x00000000eaab0000,0x00000000eea90000)
  from space 5440K, 99% used [0x00000000eefe0000,0x00000000ef52c950,0x00000000ef530000)
  to   space 5440K, 0% used [0x00000000eea90000,0x00000000eea90000,0x00000000eefe0000)
 ParOldGen       total 87232K, used 18240K [0x00000000c0000000, 0x00000000c5530000, 0x00000000eaab0000)
  object space 87232K, 20% used [0x00000000c0000000,0x00000000c11d01b8,0x00000000c5530000)
 PSPermGen       total 21248K, used 5315K [0x00000000bae00000, 0x00000000bc2c0000, 0x00000000c0000000)
  object space 21248K, 25% used [0x00000000bae00000,0x00000000bb330c90,0x00000000bc2c0000)
}
Event: 10.926 GC heap before
{Heap before GC invocations=5 (full 0):
 PSYoungGen      total 70848K, used 70834K [0x00000000eaab0000, 0x00000000ef530000, 0x0000000100000000)
  eden space 65408K, 100% used [0x00000000eaab0000,0x00000000eea90000,0x00000000eea90000)
  from space 5440K, 99% used [0x00000000eefe0000,0x00000000ef52c950,0x00000000ef530000)
  to   space 5440K, 0% used [0x00000000eea90000,0x00000000eea90000,0x00000000eefe0000)
 ParOldGen       total 87232K, used 18240K [0x00000000c0000000, 0x00000000c5530000, 0x00000000eaab0000)
  object space 87232K, 20% used [0x00000000c0000000,0x00000000c11d01b8,0x00000000c5530000)
 PSPermGen       total 21248K, used 5346K [0x00000000bae00000, 0x00000000bc2c0000, 0x00000000c0000000)
  object space 21248K, 25% used [0x00000000bae00000,0x00000000bb338a68,0x00000000bc2c0000)
Event: 11.008 GC heap after
Heap after GC invocations=5 (full 0):
 PSYoungGen      total 70848K, used 5426K [0x00000000eaab0000, 0x00000000f48b0000, 0x0000000100000000)
  eden space 65408K, 0% used [0x00000000eaab0000,0x00000000eaab0000,0x00000000eea90000)
  from space 5440K, 99% used [0x00000000eea90000,0x00000000eefdc950,0x00000000eefe0000)
  to   space 15488K, 0% used [0x00000000f3990000,0x00000000f3990000,0x00000000f48b0000)
 ParOldGen       total 87232K, used 28415K [0x00000000c0000000, 0x00000000c5530000, 0x00000000eaab0000)
  object space 87232K, 32% used [0x00000000c0000000,0x00000000c1bbfe58,0x00000000c5530000)
 PSPermGen       total 21248K, used 5346K [0x00000000bae00000, 0x00000000bc2c0000, 0x00000000c0000000)
  object space 21248K, 25% used [0x00000000bae00000,0x00000000bb338a68,0x00000000bc2c0000)
}
Event: 13.436 GC heap before
{Heap before GC invocations=6 (full 0):
 PSYoungGen      total 70848K, used 70834K [0x00000000eaab0000, 0x00000000f48b0000, 0x0000000100000000)
  eden space 65408K, 100% used [0x00000000eaab0000,0x00000000eea90000,0x00000000eea90000)
  from space 5440K, 99% used [0x00000000eea90000,0x00000000eefdc950,0x00000000eefe0000)
  to   space 15488K, 0% used [0x00000000f3990000,0x00000000f3990000,0x00000000f48b0000)
 ParOldGen       total 87232K, used 28415K [0x00000000c0000000, 0x00000000c5530000, 0x00000000eaab0000)
  object space 87232K, 32% used [0x00000000c0000000,0x00000000c1bbfe58,0x00000000c5530000)
 PSPermGen       total 21248K, used 6055K [0x00000000bae00000, 0x00000000bc2c0000, 0x00000000c0000000)
  object space 21248K, 28% used [0x00000000bae00000,0x00000000bb3e9ef8,0x00000000bc2c0000)
Event: 13.520 GC heap after
Heap after GC invocations=6 (full 0):
 PSYoungGen      total 143744K, used 15481K [0x00000000eaab0000, 0x00000000f4db0000, 0x0000000100000000)
  eden space 128256K, 0% used [0x00000000eaab0000,0x00000000eaab0000,0x00000000f27f0000)
  from space 15488K, 99% used [0x00000000f3990000,0x00000000f48ae5f0,0x00000000f48b0000)
  to   space 18048K, 0% used [0x00000000f27f0000,0x00000000f27f0000,0x00000000f3990000)
 ParOldGen       total 87232K, used 29817K [0x00000000c0000000, 0x00000000c5530000, 0x00000000eaab0000)
  object space 87232K, 34% used [0x00000000c0000000,0x00000000c1d1e710,0x00000000c5530000)
 PSPermGen       total 21248K, used 6055K [0x00000000bae00000, 0x00000000bc2c0000, 0x00000000c0000000)
  object space 21248K, 28% used [0x00000000bae00000,0x00000000bb3e9ef8,0x00000000bc2c0000)
}

