# JRE version: 7.0_09-b05
# Java VM: Java HotSpot(TM) 64-Bit Server VM (23.5-b02 mixed mode windows-amd64 compressed oops)
Heap
 PSYoungGen      total 146432K, used 55892K [0x00000000eaab0000, 0x00000000fccd0000, 0x0000000100000000)
  eden space 127872K, 29% used [0x00000000eaab0000,0x00000000ecf90088,0x00000000f2790000)
  from space 18560K, 97% used [0x00000000f2790000,0x00000000f3945290,0x00000000f39b0000)
  to   space 20672K, 0% used [0x00000000fb8a0000,0x00000000fb8a0000,0x00000000fccd0000)
 ParOldGen       total 87232K, used 33655K [0x00000000c0000000, 0x00000000c5530000, 0x00000000eaab0000)
  object space 87232K, 38% used [0x00000000c0000000,0x00000000c20ddc38,0x00000000c5530000)
 PSPermGen       total 21248K, used 7604K [0x00000000bae00000, 0x00000000bc2c0000, 0x00000000c0000000)
  object space 21248K, 35% used [0x00000000bae00000,0x00000000bb56d008,0x00000000bc2c0000)
GC Heap History (10 events):
Event: 6.407 GC heap before
{Heap before GC invocations=3 (full 0):
 PSYoungGen      total 38144K, used 38112K [0x00000000eaab0000, 0x00000000ef530000, 0x0000000100000000)
  eden space 32704K, 100% used [0x00000000eaab0000,0x00000000ecaa0000,0x00000000ecaa0000)
  from space 5440K, 99% used [0x00000000ecff0000,0x00000000ed538028,0x00000000ed540000)
  to   space 5440K, 0% used [0x00000000ecaa0000,0x00000000ecaa0000,0x00000000ecff0000)
 ParOldGen       total 87232K, used 7757K [0x00000000c0000000, 0x00000000c5530000, 0x00000000eaab0000)
  object space 87232K, 8% used [0x00000000c0000000,0x00000000c0793768,0x00000000c5530000)
 PSPermGen       total 21248K, used 5301K [0x00000000bae00000, 0x00000000bc2c0000, 0x00000000c0000000)
  object space 21248K, 24% used [0x00000000bae00000,0x00000000bb32d768,0x00000000bc2c0000)
Event: 6.447 GC heap after
Heap after GC invocations=3 (full 0):
 PSYoungGen      total 38144K, used 5408K [0x00000000eaab0000, 0x00000000ef530000, 0x0000000100000000)
  eden space 32704K, 0% used [0x00000000eaab0000,0x00000000eaab0000,0x00000000ecaa0000)
  from space 5440K, 99% used [0x00000000ecaa0000,0x00000000ecfe8018,0x00000000ecff0000)
  to   space 5440K, 0% used [0x00000000eefe0000,0x00000000eefe0000,0x00000000ef530000)
 ParOldGen       total 87232K, used 12383K [0x00000000c0000000, 0x00000000c5530000, 0x00000000eaab0000)
  object space 87232K, 14% used [0x00000000c0000000,0x00000000c0c17ce8,0x00000000c5530000)
 PSPermGen       total 21248K, used 5301K [0x00000000bae00000, 0x00000000bc2c0000, 0x00000000c0000000)
  object space 21248K, 24% used [0x00000000bae00000,0x00000000bb32d768,0x00000000bc2c0000)
}
Event: 8.426 GC heap before
{Heap before GC invocations=4 (full 0):
 PSYoungGen      total 38144K, used 38112K [0x00000000eaab0000, 0x00000000ef530000, 0x0000000100000000)
  eden space 32704K, 100% used [0x00000000eaab0000,0x00000000ecaa0000,0x00000000ecaa0000)
  from space 5440K, 99% used [0x00000000ecaa0000,0x00000000ecfe8018,0x00000000ecff0000)
  to   space 5440K, 0% used [0x00000000eefe0000,0x00000000eefe0000,0x00000000ef530000)
 ParOldGen       total 87232K, used 12383K [0x00000000c0000000, 0x00000000c5530000, 0x00000000eaab0000)
  object space 87232K, 14% used [0x00000000c0000000,0x00000000c0c17ce8,0x00000000c5530000)
 PSPermGen       total 21248K, used 5318K [0x00000000bae00000, 0x00000000bc2c0000, 0x00000000c0000000)
  object space 21248K, 25% used [0x00000000bae00000,0x00000000bb331810,0x00000000bc2c0000)
Event: 8.531 GC heap after
Heap after GC invocations=4 (full 0):
 PSYoungGen      total 70848K, used 5426K [0x00000000eaab0000, 0x00000000ef530000, 0x0000000100000000)
  eden space 65408K, 0% used [0x00000000eaab0000,0x00000000eaab0000,0x00000000eea90000)
  from space 5440K, 99% used [0x00000000eefe0000,0x00000000ef52c978,0x00000000ef530000)
  to   space 5440K, 0% used [0x00000000eea90000,0x00000000eea90000,0x00000000eefe0000)
 ParOldGen       total 87232K, used 18279K [0x00000000c0000000, 0x00000000c5530000, 0x00000000eaab0000)
  object space 87232K, 20% used [0x00000000c0000000,0x00000000c11d9dd8,0x00000000c5530000)
 PSPermGen       total 21248K, used 5318K [0x00000000bae00000, 0x00000000bc2c0000, 0x00000000c0000000)
  object space 21248K, 25% used [0x00000000bae00000,0x00000000bb331810,0x00000000bc2c0000)
}
Event: 11.554 GC heap before
{Heap before GC invocations=5 (full 0):
 PSYoungGen      total 70848K, used 70834K [0x00000000eaab0000, 0x00000000ef530000, 0x0000000100000000)
  eden space 65408K, 100% used [0x00000000eaab0000,0x00000000eea90000,0x00000000eea90000)
  from space 5440K, 99% used [0x00000000eefe0000,0x00000000ef52c978,0x00000000ef530000)
  to   space 5440K, 0% used [0x00000000eea90000,0x00000000eea90000,0x00000000eefe0000)
 ParOldGen       total 87232K, used 18279K [0x00000000c0000000, 0x00000000c5530000, 0x00000000eaab0000)
  object space 87232K, 20% used [0x00000000c0000000,0x00000000c11d9dd8,0x00000000c5530000)
 PSPermGen       total 21248K, used 5346K [0x00000000bae00000, 0x00000000bc2c0000, 0x00000000c0000000)
  object space 21248K, 25% used [0x00000000bae00000,0x00000000bb338bc0,0x00000000bc2c0000)
Event: 13.255 GC heap after
Heap after GC invocations=5 (full 0):
 PSYoungGen      total 70848K, used 5426K [0x00000000eaab0000, 0x00000000f48f0000, 0x0000000100000000)
  eden space 65408K, 0% used [0x00000000eaab0000,0x00000000eaab0000,0x00000000eea90000)
  from space 5440K, 99% used [0x00000000eea90000,0x00000000eefdc978,0x00000000eefe0000)
  to   space 15616K, 0% used [0x00000000f39b0000,0x00000000f39b0000,0x00000000f48f0000)
 ParOldGen       total 87232K, used 28536K [0x00000000c0000000, 0x00000000c5530000, 0x00000000eaab0000)
  object space 87232K, 32% used [0x00000000c0000000,0x00000000c1bde090,0x00000000c5530000)
 PSPermGen       total 21248K, used 5346K [0x00000000bae00000, 0x00000000bc2c0000, 0x00000000c0000000)
  object space 21248K, 25% used [0x00000000bae00000,0x00000000bb338bc0,0x00000000bc2c0000)
}
Event: 17.530 GC heap before
{Heap before GC invocations=6 (full 0):
 PSYoungGen      total 70848K, used 70834K [0x00000000eaab0000, 0x00000000f48f0000, 0x0000000100000000)
  eden space 65408K, 100% used [0x00000000eaab0000,0x00000000eea90000,0x00000000eea90000)
  from space 5440K, 99% used [0x00000000eea90000,0x00000000eefdc978,0x00000000eefe0000)
  to   space 15616K, 0% used [0x00000000f39b0000,0x00000000f39b0000,0x00000000f48f0000)
 ParOldGen       total 87232K, used 28536K [0x00000000c0000000, 0x00000000c5530000, 0x00000000eaab0000)
  object space 87232K, 32% used [0x00000000c0000000,0x00000000c1bde090,0x00000000c5530000)
 PSPermGen       total 21248K, used 6069K [0x00000000bae00000, 0x00000000bc2c0000, 0x00000000c0000000)
  object space 21248K, 28% used [0x00000000bae00000,0x00000000bb3ed570,0x00000000bc2c0000)
Event: 17.625 GC heap after
Heap after GC invocations=6 (full 0):
 PSYoungGen      total 143488K, used 15603K [0x00000000eaab0000, 0x00000000f4eb0000, 0x0000000100000000)
  eden space 127872K, 0% used [0x00000000eaab0000,0x00000000eaab0000,0x00000000f2790000)
  from space 15616K, 99% used [0x00000000f39b0000,0x00000000f48ecf00,0x00000000f48f0000)
  to   space 18560K, 0% used [0x00000000f2790000,0x00000000f2790000,0x00000000f39b0000)
 ParOldGen       total 87232K, used 30560K [0x00000000c0000000, 0x00000000c5530000, 0x00000000eaab0000)
  object space 87232K, 35% used [0x00000000c0000000,0x00000000c1dd82d8,0x00000000c5530000)
 PSPermGen       total 21248K, used 6069K [0x00000000bae00000, 0x00000000bc2c0000, 0x00000000c0000000)
  object space 21248K, 28% used [0x00000000bae00000,0x00000000bb3ed570,0x00000000bc2c0000)
}
Event: 21.765 GC heap before
{Heap before GC invocations=7 (full 0):
 PSYoungGen      total 143488K, used 143475K [0x00000000eaab0000, 0x00000000f4eb0000, 0x0000000100000000)
  eden space 127872K, 100% used [0x00000000eaab0000,0x00000000f2790000,0x00000000f2790000)
  from space 15616K, 99% used [0x00000000f39b0000,0x00000000f48ecf00,0x00000000f48f0000)
  to   space 18560K, 0% used [0x00000000f2790000,0x00000000f2790000,0x00000000f39b0000)
 ParOldGen       total 87232K, used 30560K [0x00000000c0000000, 0x00000000c5530000, 0x00000000eaab0000)
  object space 87232K, 35% used [0x00000000c0000000,0x00000000c1dd82d8,0x00000000c5530000)
 PSPermGen       total 21248K, used 7507K [0x00000000bae00000, 0x00000000bc2c0000, 0x00000000c0000000)
  object space 21248K, 35% used [0x00000000bae00000,0x00000000bb554ed8,0x00000000bc2c0000)
Event: 21.826 GC heap after
Heap after GC invocations=7 (full 0):
 PSYoungGen      total 146432K, used 18132K [0x00000000eaab0000, 0x00000000fccd0000, 0x0000000100000000)
  eden space 127872K, 0% used [0x00000000eaab0000,0x00000000eaab0000,0x00000000f2790000)
  from space 18560K, 97% used [0x00000000f2790000,0x00000000f3945290,0x00000000f39b0000)
  to   space 20672K, 0% used [0x00000000fb8a0000,0x00000000fb8a0000,0x00000000fccd0000)
 ParOldGen       total 87232K, used 33655K [0x00000000c0000000, 0x00000000c5530000, 0x00000000eaab0000)
  object space 87232K, 38% used [0x00000000c0000000,0x00000000c20ddc38,0x00000000c5530000)
 PSPermGen       total 21248K, used 7507K [0x00000000bae00000, 0x00000000bc2c0000, 0x00000000c0000000)
  object space 21248K, 35% used [0x00000000bae00000,0x00000000bb554ed8,0x00000000bc2c0000)
}

